
*** Running vivado
    with args -log xadc_demo.vds -m64 -mode batch -messageDb vivado.pb -notrace -source xadc_demo.tcl


****** Vivado v2016.2 (64-bit)
  **** SW Build 1577090 on Thu Jun  2 16:32:35 MDT 2016
  **** IP Build 1577682 on Fri Jun  3 12:00:54 MDT 2016
    ** Copyright 1986-2016 Xilinx, Inc. All Rights Reserved.

source xadc_demo.tcl -notrace
Command: synth_design -top xadc_demo -part xc7a100tcsg324-3 -mode out_of_context
Starting synth_design
Attempting to get a license for feature 'Synthesis' and/or device 'xc7a100t'
INFO: [Common 17-349] Got license for feature 'Synthesis' and/or device 'xc7a100t'
INFO: Launching helper process for spawning children vivado processes
INFO: Helper process launched with PID 31172 
---------------------------------------------------------------------------------
Starting RTL Elaboration : Time (s): cpu = 00:00:05 ; elapsed = 00:00:05 . Memory (MB): peak = 1070.332 ; gain = 175.137 ; free physical = 448 ; free virtual = 11765
---------------------------------------------------------------------------------
INFO: [Synth 8-638] synthesizing module 'xadc_demo' [/afs/athena.mit.edu/user/p/h/phoebepi/Documents/6.111/Nexys4FFTDemo-master/src/ip/xadc_demo/xadc_demo.v:52]
INFO: [Synth 8-638] synthesizing module 'XADC' [/var/local/xilinx-local/Vivado/2016.2/scripts/rt/data/unisim_comp.v:44683]
	Parameter INIT_40 bound to: 16'b0000000000010011 
	Parameter INIT_41 bound to: 16'b0011000110101111 
	Parameter INIT_42 bound to: 16'b0000010000000000 
	Parameter INIT_43 bound to: 16'b0000000000000000 
	Parameter INIT_44 bound to: 16'b0000000000000000 
	Parameter INIT_45 bound to: 16'b0000000000000000 
	Parameter INIT_46 bound to: 16'b0000000000000000 
	Parameter INIT_47 bound to: 16'b0000000000000000 
	Parameter INIT_48 bound to: 16'b0000000100000000 
	Parameter INIT_49 bound to: 16'b0000000000000000 
	Parameter INIT_4A bound to: 16'b0000000000000000 
	Parameter INIT_4B bound to: 16'b0000000000000000 
	Parameter INIT_4C bound to: 16'b0000000000000000 
	Parameter INIT_4D bound to: 16'b0000000000000000 
	Parameter INIT_4E bound to: 16'b0000000000000000 
	Parameter INIT_4F bound to: 16'b0000000000000000 
	Parameter INIT_50 bound to: 16'b1011010111101101 
	Parameter INIT_51 bound to: 16'b0101011111100100 
	Parameter INIT_52 bound to: 16'b1010000101000111 
	Parameter INIT_53 bound to: 16'b1100101000110011 
	Parameter INIT_54 bound to: 16'b1010100100111010 
	Parameter INIT_55 bound to: 16'b0101001011000110 
	Parameter INIT_56 bound to: 16'b1001010101010101 
	Parameter INIT_57 bound to: 16'b1010111001001110 
	Parameter INIT_58 bound to: 16'b0101100110011001 
	Parameter INIT_59 bound to: 16'b0000000000000000 
	Parameter INIT_5A bound to: 16'b0000000000000000 
	Parameter INIT_5B bound to: 16'b0000000000000000 
	Parameter INIT_5C bound to: 16'b0101000100010001 
	Parameter INIT_5D bound to: 16'b0000000000000000 
	Parameter INIT_5E bound to: 16'b0000000000000000 
	Parameter INIT_5F bound to: 16'b0000000000000000 
	Parameter IS_CONVSTCLK_INVERTED bound to: 1'b0 
	Parameter IS_DCLK_INVERTED bound to: 1'b0 
	Parameter SIM_DEVICE bound to: 7SERIES - type: string 
	Parameter SIM_MONITOR_FILE bound to: design.txt - type: string 
INFO: [Synth 8-256] done synthesizing module 'XADC' (1#1) [/var/local/xilinx-local/Vivado/2016.2/scripts/rt/data/unisim_comp.v:44683]
INFO: [Synth 8-256] done synthesizing module 'xadc_demo' (2#1) [/afs/athena.mit.edu/user/p/h/phoebepi/Documents/6.111/Nexys4FFTDemo-master/src/ip/xadc_demo/xadc_demo.v:52]
---------------------------------------------------------------------------------
Finished RTL Elaboration : Time (s): cpu = 00:00:05 ; elapsed = 00:00:06 . Memory (MB): peak = 1110.777 ; gain = 215.582 ; free physical = 406 ; free virtual = 11723
---------------------------------------------------------------------------------

Report Check Netlist: 
+------+------------------+-------+---------+-------+------------------+
|      |Item              |Errors |Warnings |Status |Description       |
+------+------------------+-------+---------+-------+------------------+
|1     |multi_driven_nets |      0|        0|Passed |Multi driven nets |
+------+------------------+-------+---------+-------+------------------+
---------------------------------------------------------------------------------
Finished RTL Optimization Phase 1 : Time (s): cpu = 00:00:05 ; elapsed = 00:00:06 . Memory (MB): peak = 1110.777 ; gain = 215.582 ; free physical = 405 ; free virtual = 11722
---------------------------------------------------------------------------------
INFO: [Netlist 29-17] Analyzing 1 Unisim elements for replacement
INFO: [Netlist 29-28] Unisim Transformation completed in 0 CPU seconds
INFO: [Device 21-403] Loading part xc7a100tcsg324-3
INFO: [Project 1-570] Preparing netlist for logic optimization

Processing XDC Constraints
Initializing timing engine
Parsing XDC File [/afs/athena.mit.edu/user/p/h/phoebepi/Documents/6.111/Nexys4FFTDemo-master/src/ip/xadc_demo/xadc_demo_ooc.xdc] for cell 'inst'
Finished Parsing XDC File [/afs/athena.mit.edu/user/p/h/phoebepi/Documents/6.111/Nexys4FFTDemo-master/src/ip/xadc_demo/xadc_demo_ooc.xdc] for cell 'inst'
Parsing XDC File [/afs/athena.mit.edu/user/p/h/phoebepi/Documents/6.111/Nexys4FFTDemo-master/src/ip/xadc_demo/xadc_demo.xdc] for cell 'inst'
Finished Parsing XDC File [/afs/athena.mit.edu/user/p/h/phoebepi/Documents/6.111/Nexys4FFTDemo-master/src/ip/xadc_demo/xadc_demo.xdc] for cell 'inst'
Parsing XDC File [/afs/athena.mit.edu/user/p/h/phoebepi/FFT/FFT.runs/xadc_demo_synth_1/dont_touch.xdc]
Finished Parsing XDC File [/afs/athena.mit.edu/user/p/h/phoebepi/FFT/FFT.runs/xadc_demo_synth_1/dont_touch.xdc]
Completed Processing XDC Constraints

INFO: [Project 1-111] Unisim Transformation Summary:
No Unisim elements were transformed.

Constraint Validation Runtime : Time (s): cpu = 00:00:00.01 ; elapsed = 00:00:00.01 . Memory (MB): peak = 1381.012 ; gain = 0.000 ; free physical = 238 ; free virtual = 11554
---------------------------------------------------------------------------------
Finished Constraint Validation : Time (s): cpu = 00:00:11 ; elapsed = 00:00:11 . Memory (MB): peak = 1381.012 ; gain = 485.816 ; free physical = 238 ; free virtual = 11554
---------------------------------------------------------------------------------
---------------------------------------------------------------------------------
Start Loading Part and Timing Information
---------------------------------------------------------------------------------
Loading part: xc7a100tcsg324-3
---------------------------------------------------------------------------------
Finished Loading Part and Timing Information : Time (s): cpu = 00:00:11 ; elapsed = 00:00:11 . Memory (MB): peak = 1381.012 ; gain = 485.816 ; free physical = 238 ; free virtual = 11554
---------------------------------------------------------------------------------
---------------------------------------------------------------------------------
Start Applying 'set_property' XDC Constraints
---------------------------------------------------------------------------------
Applied set_property DONT_TOUCH = true for inst. (constraint file  auto generated constraint, line ).
---------------------------------------------------------------------------------
Finished applying 'set_property' XDC Constraints : Time (s): cpu = 00:00:11 ; elapsed = 00:00:11 . Memory (MB): peak = 1381.012 ; gain = 485.816 ; free physical = 238 ; free virtual = 11554
---------------------------------------------------------------------------------
---------------------------------------------------------------------------------
Finished RTL Optimization Phase 2 : Time (s): cpu = 00:00:11 ; elapsed = 00:00:12 . Memory (MB): peak = 1381.012 ; gain = 485.816 ; free physical = 238 ; free virtual = 11554
---------------------------------------------------------------------------------

Report RTL Partitions: 
+-+--------------+------------+----------+
| |RTL Partition |Replication |Instances |
+-+--------------+------------+----------+
+-+--------------+------------+----------+
---------------------------------------------------------------------------------
Start RTL Component Statistics 
---------------------------------------------------------------------------------
Detailed RTL Component Info : 
---------------------------------------------------------------------------------
Finished RTL Component Statistics 
---------------------------------------------------------------------------------
---------------------------------------------------------------------------------
Start RTL Hierarchical Component Statistics 
---------------------------------------------------------------------------------
Hierarchical RTL Component report 
---------------------------------------------------------------------------------
Finished RTL Hierarchical Component Statistics
---------------------------------------------------------------------------------
---------------------------------------------------------------------------------
Start Part Resource Summary
---------------------------------------------------------------------------------
Part Resources:
DSPs: 240 (col length:80)
BRAMs: 270 (col length: RAMB18 80 RAMB36 40)
---------------------------------------------------------------------------------
Finished Part Resource Summary
---------------------------------------------------------------------------------
Start Parallel Synthesis Optimization  : Time (s): cpu = 00:00:11 ; elapsed = 00:00:12 . Memory (MB): peak = 1381.012 ; gain = 485.816 ; free physical = 238 ; free virtual = 11554
---------------------------------------------------------------------------------
Start Cross Boundary Optimization
---------------------------------------------------------------------------------
---------------------------------------------------------------------------------
Finished Cross Boundary Optimization : Time (s): cpu = 00:00:11 ; elapsed = 00:00:12 . Memory (MB): peak = 1381.012 ; gain = 485.816 ; free physical = 238 ; free virtual = 11554
---------------------------------------------------------------------------------
Finished Parallel Reinference  : Time (s): cpu = 00:00:11 ; elapsed = 00:00:12 . Memory (MB): peak = 1381.012 ; gain = 485.816 ; free physical = 238 ; free virtual = 11554

Report RTL Partitions: 
+-+--------------+------------+----------+
| |RTL Partition |Replication |Instances |
+-+--------------+------------+----------+
+-+--------------+------------+----------+
---------------------------------------------------------------------------------
Start Area Optimization
---------------------------------------------------------------------------------
---------------------------------------------------------------------------------
Finished Area Optimization : Time (s): cpu = 00:00:11 ; elapsed = 00:00:12 . Memory (MB): peak = 1381.012 ; gain = 485.816 ; free physical = 238 ; free virtual = 11554
---------------------------------------------------------------------------------
Finished Parallel Area Optimization  : Time (s): cpu = 00:00:11 ; elapsed = 00:00:12 . Memory (MB): peak = 1381.012 ; gain = 485.816 ; free physical = 238 ; free virtual = 11554

Report RTL Partitions: 
+-+--------------+------------+----------+
| |RTL Partition |Replication |Instances |
+-+--------------+------------+----------+
+-+--------------+------------+----------+
---------------------------------------------------------------------------------
Start Timing Optimization
---------------------------------------------------------------------------------
---------------------------------------------------------------------------------
Start Applying XDC Timing Constraints
---------------------------------------------------------------------------------
---------------------------------------------------------------------------------
Finished Applying XDC Timing Constraints : Time (s): cpu = 00:00:16 ; elapsed = 00:00:17 . Memory (MB): peak = 1384.000 ; gain = 488.805 ; free physical = 192 ; free virtual = 11508
---------------------------------------------------------------------------------
---------------------------------------------------------------------------------
Finished Timing Optimization : Time (s): cpu = 00:00:16 ; elapsed = 00:00:17 . Memory (MB): peak = 1384.000 ; gain = 488.805 ; free physical = 192 ; free virtual = 11508
---------------------------------------------------------------------------------

Report RTL Partitions: 
+-+--------------+------------+----------+
| |RTL Partition |Replication |Instances |
+-+--------------+------------+----------+
+-+--------------+------------+----------+
---------------------------------------------------------------------------------
Start Technology Mapping
---------------------------------------------------------------------------------
---------------------------------------------------------------------------------
Finished Technology Mapping : Time (s): cpu = 00:00:16 ; elapsed = 00:00:17 . Memory (MB): peak = 1394.012 ; gain = 498.816 ; free physical = 183 ; free virtual = 11499
---------------------------------------------------------------------------------
Finished Parallel Technology Mapping Optimization  : Time (s): cpu = 00:00:16 ; elapsed = 00:00:17 . Memory (MB): peak = 1394.012 ; gain = 498.816 ; free physical = 183 ; free virtual = 11499

Report RTL Partitions: 
+-+--------------+------------+----------+
| |RTL Partition |Replication |Instances |
+-+--------------+------------+----------+
+-+--------------+------------+----------+
Finished Parallel Synthesis Optimization  : Time (s): cpu = 00:00:16 ; elapsed = 00:00:17 . Memory (MB): peak = 1394.012 ; gain = 498.816 ; free physical = 183 ; free virtual = 11499
---------------------------------------------------------------------------------
Start IO Insertion
---------------------------------------------------------------------------------
---------------------------------------------------------------------------------
Start Flattening Before IO Insertion
---------------------------------------------------------------------------------
---------------------------------------------------------------------------------
Finished Flattening Before IO Insertion
---------------------------------------------------------------------------------
---------------------------------------------------------------------------------
Start Final Netlist Cleanup
---------------------------------------------------------------------------------
---------------------------------------------------------------------------------
Finished Final Netlist Cleanup
---------------------------------------------------------------------------------
---------------------------------------------------------------------------------
Finished IO Insertion : Time (s): cpu = 00:00:16 ; elapsed = 00:00:17 . Memory (MB): peak = 1394.012 ; gain = 498.816 ; free physical = 183 ; free virtual = 11499
---------------------------------------------------------------------------------

Report Check Netlist: 
+------+------------------+-------+---------+-------+------------------+
|      |Item              |Errors |Warnings |Status |Description       |
+------+------------------+-------+---------+-------+------------------+
|1     |multi_driven_nets |      0|        0|Passed |Multi driven nets |
+------+------------------+-------+---------+-------+------------------+
---------------------------------------------------------------------------------
Start Renaming Generated Instances
---------------------------------------------------------------------------------
---------------------------------------------------------------------------------
Finished Renaming Generated Instances : Time (s): cpu = 00:00:16 ; elapsed = 00:00:17 . Memory (MB): peak = 1394.012 ; gain = 498.816 ; free physical = 183 ; free virtual = 11499
---------------------------------------------------------------------------------

Report RTL Partitions: 
+-+--------------+------------+----------+
| |RTL Partition |Replication |Instances |
+-+--------------+------------+----------+
+-+--------------+------------+----------+
---------------------------------------------------------------------------------
Start Rebuilding User Hierarchy
---------------------------------------------------------------------------------
---------------------------------------------------------------------------------
Finished Rebuilding User Hierarchy : Time (s): cpu = 00:00:16 ; elapsed = 00:00:17 . Memory (MB): peak = 1394.012 ; gain = 498.816 ; free physical = 183 ; free virtual = 11499
---------------------------------------------------------------------------------
---------------------------------------------------------------------------------
Start Renaming Generated Ports
---------------------------------------------------------------------------------
---------------------------------------------------------------------------------
Finished Renaming Generated Ports : Time (s): cpu = 00:00:16 ; elapsed = 00:00:17 . Memory (MB): peak = 1394.012 ; gain = 498.816 ; free physical = 183 ; free virtual = 11499
---------------------------------------------------------------------------------
---------------------------------------------------------------------------------
Start Handling Custom Attributes
---------------------------------------------------------------------------------
---------------------------------------------------------------------------------
Finished Handling Custom Attributes : Time (s): cpu = 00:00:16 ; elapsed = 00:00:17 . Memory (MB): peak = 1394.012 ; gain = 498.816 ; free physical = 183 ; free virtual = 11499
---------------------------------------------------------------------------------
---------------------------------------------------------------------------------
Start Renaming Generated Nets
---------------------------------------------------------------------------------
---------------------------------------------------------------------------------
Finished Renaming Generated Nets : Time (s): cpu = 00:00:16 ; elapsed = 00:00:17 . Memory (MB): peak = 1394.012 ; gain = 498.816 ; free physical = 183 ; free virtual = 11499
---------------------------------------------------------------------------------
---------------------------------------------------------------------------------
Start Writing Synthesis Report
---------------------------------------------------------------------------------

Report BlackBoxes: 
+-+--------------+----------+
| |BlackBox name |Instances |
+-+--------------+----------+
+-+--------------+----------+

Report Cell Usage: 
+------+-----+------+
|      |Cell |Count |
+------+-----+------+
|1     |XADC |     1|
+------+-----+------+

Report Instance Areas: 
+------+---------+-------+------+
|      |Instance |Module |Cells |
+------+---------+-------+------+
|1     |top      |       |     1|
+------+---------+-------+------+
---------------------------------------------------------------------------------
Finished Writing Synthesis Report : Time (s): cpu = 00:00:16 ; elapsed = 00:00:17 . Memory (MB): peak = 1394.012 ; gain = 498.816 ; free physical = 183 ; free virtual = 11499
---------------------------------------------------------------------------------
Synthesis finished with 0 errors, 0 critical warnings and 0 warnings.
Synthesis Optimization Runtime : Time (s): cpu = 00:00:11 ; elapsed = 00:00:11 . Memory (MB): peak = 1394.012 ; gain = 121.441 ; free physical = 183 ; free virtual = 11499
Synthesis Optimization Complete : Time (s): cpu = 00:00:16 ; elapsed = 00:00:17 . Memory (MB): peak = 1394.020 ; gain = 498.824 ; free physical = 183 ; free virtual = 11499
INFO: [Project 1-571] Translating synthesized netlist
INFO: [Netlist 29-17] Analyzing 1 Unisim elements for replacement
INFO: [Netlist 29-28] Unisim Transformation completed in 0 CPU seconds
INFO: [Project 1-570] Preparing netlist for logic optimization
Parsing XDC File [/afs/athena.mit.edu/user/p/h/phoebepi/Documents/6.111/Nexys4FFTDemo-master/src/ip/xadc_demo/xadc_demo_ooc.xdc] for cell 'inst'
Finished Parsing XDC File [/afs/athena.mit.edu/user/p/h/phoebepi/Documents/6.111/Nexys4FFTDemo-master/src/ip/xadc_demo/xadc_demo_ooc.xdc] for cell 'inst'
Parsing XDC File [/afs/athena.mit.edu/user/p/h/phoebepi/Documents/6.111/Nexys4FFTDemo-master/src/ip/xadc_demo/xadc_demo.xdc] for cell 'inst'
Finished Parsing XDC File [/afs/athena.mit.edu/user/p/h/phoebepi/Documents/6.111/Nexys4FFTDemo-master/src/ip/xadc_demo/xadc_demo.xdc] for cell 'inst'
INFO: [Opt 31-138] Pushed 0 inverter(s) to 0 load pin(s).
INFO: [Project 1-111] Unisim Transformation Summary:
No Unisim elements were transformed.

INFO: [Common 17-83] Releasing license: Synthesis
17 Infos, 0 Warnings, 0 Critical Warnings and 0 Errors encountered.
synth_design completed successfully
synth_design: Time (s): cpu = 00:00:15 ; elapsed = 00:00:15 . Memory (MB): peak = 1413.105 ; gain = 423.352 ; free physical = 163 ; free virtual = 11481
report_utilization: Time (s): cpu = 00:00:00.07 ; elapsed = 00:00:00.09 . Memory (MB): peak = 1421.113 ; gain = 0.000 ; free physical = 162 ; free virtual = 11480
INFO: [Common 17-206] Exiting Vivado at Sun Nov 18 15:53:44 2018...
