#-----------------------------------------------------------
# Vivado v2016.2 (64-bit)
# SW Build 1577090 on Thu Jun  2 16:32:35 MDT 2016
# IP Build 1577682 on Fri Jun  3 12:00:54 MDT 2016
# Start of session at: Tue Dec  4 12:39:41 2018
# Process ID: 3811
# Current directory: /afs/athena.mit.edu/user/p/h/phoebepi/MusicBox/Music-Box-FFT
# Command line: vivado
# Log file: /afs/athena.mit.edu/user/p/h/phoebepi/MusicBox/Music-Box-FFT/vivado.log
# Journal file: /afs/athena.mit.edu/user/p/h/phoebepi/MusicBox/Music-Box-FFT/vivado.jou
#-----------------------------------------------------------
start_gui
open_project /afs/athena.mit.edu/user/p/h/phoebepi/MusicBox/Music-Box-FFT/FFT.xpr
INFO: [Project 1-313] Project file moved from '/afs/athena.mit.edu/user/p/h/phoebepi/FFT' since last save.
WARNING: [Project 1-312] File not found as '/afs/athena.mit.edu/user/p/h/phoebepi/MusicBox/Documents/6.111/Nexys4FFTDemo-master/src/hdl/utils.v'; using path '/afs/athena.mit.edu/user/p/h/phoebepi/Documents/6.111/Nexys4FFTDemo-master/src/hdl/utils.v' instead.
WARNING: [Project 1-312] File not found as '/afs/athena.mit.edu/user/p/h/phoebepi/MusicBox/Documents/6.111/Nexys4FFTDemo-master/src/hdl/oversampler.v'; using path '/afs/athena.mit.edu/user/p/h/phoebepi/Documents/6.111/Nexys4FFTDemo-master/src/hdl/oversampler.v' instead.
WARNING: [Project 1-312] File not found as '/afs/athena.mit.edu/user/p/h/phoebepi/MusicBox/Documents/6.111/Nexys4FFTDemo-master/src/hdl/histogram.v'; using path '/afs/athena.mit.edu/user/p/h/phoebepi/Documents/6.111/Nexys4FFTDemo-master/src/hdl/histogram.v' instead.
WARNING: [Project 1-312] File not found as '/afs/athena.mit.edu/user/p/h/phoebepi/MusicBox/Documents/6.111/Nexys4FFTDemo-master/src/bd/fft_mag/fft_mag.bd'; using path '/afs/athena.mit.edu/user/p/h/phoebepi/Documents/6.111/Nexys4FFTDemo-master/src/bd/fft_mag/fft_mag.bd' instead.
WARNING: [Project 1-312] File not found as '/afs/athena.mit.edu/user/p/h/phoebepi/MusicBox/Documents/6.111/Nexys4FFTDemo-master/src/hdl/bram_to_fft.v'; using path '/afs/athena.mit.edu/user/p/h/phoebepi/Documents/6.111/Nexys4FFTDemo-master/src/hdl/bram_to_fft.v' instead.
WARNING: [Project 1-312] File not found as '/afs/athena.mit.edu/user/p/h/phoebepi/MusicBox/Documents/6.111/Nexys4FFTDemo-master/src/hdl/nexys4_fft_demo.v'; using path '/afs/athena.mit.edu/user/p/h/phoebepi/Documents/6.111/Nexys4FFTDemo-master/src/hdl/nexys4_fft_demo.v' instead.
WARNING: [Project 1-312] File not found as '/afs/athena.mit.edu/user/p/h/phoebepi/MusicBox/Documents/6.111/Nexys4FFTDemo-master/src/constraints/Nexys4DDR_Master.xdc'; using path '/afs/athena.mit.edu/user/p/h/phoebepi/Documents/6.111/Nexys4FFTDemo-master/src/constraints/Nexys4DDR_Master.xdc' instead.
WARNING: [Project 1-312] File not found as '/afs/athena.mit.edu/user/p/h/phoebepi/MusicBox/Documents/6.111/Nexys4FFTDemo-master/src/ip/bram_fft/bram_fft.xci'; using path '/afs/athena.mit.edu/user/p/h/phoebepi/Documents/6.111/Nexys4FFTDemo-master/src/ip/bram_fft/bram_fft.xci' instead.
WARNING: [Project 1-312] File not found as '/afs/athena.mit.edu/user/p/h/phoebepi/MusicBox/Documents/6.111/Nexys4FFTDemo-master/src/ip/xadc_demo/xadc_demo.xci'; using path '/afs/athena.mit.edu/user/p/h/phoebepi/Documents/6.111/Nexys4FFTDemo-master/src/ip/xadc_demo/xadc_demo.xci' instead.
WARNING: [Project 1-312] File not found as '/afs/athena.mit.edu/user/p/h/phoebepi/MusicBox/Documents/6.111/Nexys4FFTDemo-master/src/ip/clk_wiz_0/clk_wiz_0.xci'; using path '/afs/athena.mit.edu/user/p/h/phoebepi/Documents/6.111/Nexys4FFTDemo-master/src/ip/clk_wiz_0/clk_wiz_0.xci' instead.
WARNING: [Project 1-312] File not found as '/afs/athena.mit.edu/user/p/h/phoebepi/MusicBox/Documents/6.111/Nexys4FFTDemo-master/src/ip/bram_frame/bram_frame.xci'; using path '/afs/athena.mit.edu/user/p/h/phoebepi/Documents/6.111/Nexys4FFTDemo-master/src/ip/bram_frame/bram_frame.xci' instead.
Scanning sources...
Finished scanning sources
WARNING: [Project 1-312] File not found as '/afs/athena.mit.edu/user/p/h/phoebepi/MusicBox/Documents/6.111/Nexys4FFTDemo-master/src/hdl/utils.v'; using path '/afs/athena.mit.edu/user/p/h/phoebepi/Documents/6.111/Nexys4FFTDemo-master/src/hdl/utils.v' instead.
WARNING: [Project 1-312] File not found as '/afs/athena.mit.edu/user/p/h/phoebepi/MusicBox/Documents/6.111/Nexys4FFTDemo-master/src/hdl/oversampler.v'; using path '/afs/athena.mit.edu/user/p/h/phoebepi/Documents/6.111/Nexys4FFTDemo-master/src/hdl/oversampler.v' instead.
WARNING: [Project 1-312] File not found as '/afs/athena.mit.edu/user/p/h/phoebepi/MusicBox/Documents/6.111/Nexys4FFTDemo-master/src/hdl/histogram.v'; using path '/afs/athena.mit.edu/user/p/h/phoebepi/Documents/6.111/Nexys4FFTDemo-master/src/hdl/histogram.v' instead.
WARNING: [Project 1-312] File not found as '/afs/athena.mit.edu/user/p/h/phoebepi/MusicBox/Documents/6.111/Nexys4FFTDemo-master/src/bd/fft_mag/fft_mag.bd'; using path '/afs/athena.mit.edu/user/p/h/phoebepi/Documents/6.111/Nexys4FFTDemo-master/src/bd/fft_mag/fft_mag.bd' instead.
WARNING: [Project 1-312] File not found as '/afs/athena.mit.edu/user/p/h/phoebepi/MusicBox/Documents/6.111/Nexys4FFTDemo-master/src/hdl/bram_to_fft.v'; using path '/afs/athena.mit.edu/user/p/h/phoebepi/Documents/6.111/Nexys4FFTDemo-master/src/hdl/bram_to_fft.v' instead.
WARNING: [Project 1-312] File not found as '/afs/athena.mit.edu/user/p/h/phoebepi/MusicBox/Documents/6.111/Nexys4FFTDemo-master/src/hdl/nexys4_fft_demo.v'; using path '/afs/athena.mit.edu/user/p/h/phoebepi/Documents/6.111/Nexys4FFTDemo-master/src/hdl/nexys4_fft_demo.v' instead.
WARNING: [Project 1-312] File not found as '/afs/athena.mit.edu/user/p/h/phoebepi/MusicBox/Documents/6.111/Nexys4FFTDemo-master/src/constraints/Nexys4DDR_Master.xdc'; using path '/afs/athena.mit.edu/user/p/h/phoebepi/Documents/6.111/Nexys4FFTDemo-master/src/constraints/Nexys4DDR_Master.xdc' instead.
WARNING: [Project 1-312] File not found as '/afs/athena.mit.edu/user/p/h/phoebepi/MusicBox/Documents/6.111/Nexys4FFTDemo-master/src/ip/bram_fft/bram_fft.xci'; using path '/afs/athena.mit.edu/user/p/h/phoebepi/Documents/6.111/Nexys4FFTDemo-master/src/ip/bram_fft/bram_fft.xci' instead.
WARNING: [Project 1-312] File not found as '/afs/athena.mit.edu/user/p/h/phoebepi/MusicBox/Documents/6.111/Nexys4FFTDemo-master/src/ip/bram_fft/bram_fft.xci'; using path '/afs/athena.mit.edu/user/p/h/phoebepi/Documents/6.111/Nexys4FFTDemo-master/src/ip/bram_fft/bram_fft.xci' instead.
WARNING: [Project 1-312] File not found as '/afs/athena.mit.edu/user/p/h/phoebepi/MusicBox/Documents/6.111/Nexys4FFTDemo-master/src/ip/xadc_demo/xadc_demo.xci'; using path '/afs/athena.mit.edu/user/p/h/phoebepi/Documents/6.111/Nexys4FFTDemo-master/src/ip/xadc_demo/xadc_demo.xci' instead.
WARNING: [Project 1-312] File not found as '/afs/athena.mit.edu/user/p/h/phoebepi/MusicBox/Documents/6.111/Nexys4FFTDemo-master/src/ip/xadc_demo/xadc_demo.xci'; using path '/afs/athena.mit.edu/user/p/h/phoebepi/Documents/6.111/Nexys4FFTDemo-master/src/ip/xadc_demo/xadc_demo.xci' instead.
WARNING: [Project 1-312] File not found as '/afs/athena.mit.edu/user/p/h/phoebepi/MusicBox/Documents/6.111/Nexys4FFTDemo-master/src/ip/clk_wiz_0/clk_wiz_0.xci'; using path '/afs/athena.mit.edu/user/p/h/phoebepi/Documents/6.111/Nexys4FFTDemo-master/src/ip/clk_wiz_0/clk_wiz_0.xci' instead.
WARNING: [Project 1-312] File not found as '/afs/athena.mit.edu/user/p/h/phoebepi/MusicBox/Documents/6.111/Nexys4FFTDemo-master/src/ip/clk_wiz_0/clk_wiz_0.xci'; using path '/afs/athena.mit.edu/user/p/h/phoebepi/Documents/6.111/Nexys4FFTDemo-master/src/ip/clk_wiz_0/clk_wiz_0.xci' instead.
WARNING: [Project 1-312] File not found as '/afs/athena.mit.edu/user/p/h/phoebepi/MusicBox/Documents/6.111/Nexys4FFTDemo-master/src/ip/bram_frame/bram_frame.xci'; using path '/afs/athena.mit.edu/user/p/h/phoebepi/Documents/6.111/Nexys4FFTDemo-master/src/ip/bram_frame/bram_frame.xci' instead.
WARNING: [Project 1-312] File not found as '/afs/athena.mit.edu/user/p/h/phoebepi/MusicBox/Documents/6.111/Nexys4FFTDemo-master/src/ip/bram_frame/bram_frame.xci'; using path '/afs/athena.mit.edu/user/p/h/phoebepi/Documents/6.111/Nexys4FFTDemo-master/src/ip/bram_frame/bram_frame.xci' instead.
WARNING: [Project 1-312] File not found as '/afs/athena.mit.edu/user/p/h/phoebepi/MusicBox/Documents/6.111/Nexys4FFTDemo-master/src/bd/fft_mag/ip/fft_mag_c_addsub_0_0/fft_mag_c_addsub_0_0.xci'; using path '/afs/athena.mit.edu/user/p/h/phoebepi/Documents/6.111/Nexys4FFTDemo-master/src/bd/fft_mag/ip/fft_mag_c_addsub_0_0/fft_mag_c_addsub_0_0.xci' instead.
WARNING: [Project 1-312] File not found as '/afs/athena.mit.edu/user/p/h/phoebepi/MusicBox/Documents/6.111/Nexys4FFTDemo-master/src/bd/fft_mag/ip/fft_mag_c_addsub_0_0/fft_mag_c_addsub_0_0.xci'; using path '/afs/athena.mit.edu/user/p/h/phoebepi/Documents/6.111/Nexys4FFTDemo-master/src/bd/fft_mag/ip/fft_mag_c_addsub_0_0/fft_mag_c_addsub_0_0.xci' instead.
WARNING: [Project 1-312] File not found as '/afs/athena.mit.edu/user/p/h/phoebepi/MusicBox/Documents/6.111/Nexys4FFTDemo-master/src/bd/fft_mag/ip/fft_mag_axis_register_slice_2_0/fft_mag_axis_register_slice_2_0.xci'; using path '/afs/athena.mit.edu/user/p/h/phoebepi/Documents/6.111/Nexys4FFTDemo-master/src/bd/fft_mag/ip/fft_mag_axis_register_slice_2_0/fft_mag_axis_register_slice_2_0.xci' instead.
WARNING: [Project 1-312] File not found as '/afs/athena.mit.edu/user/p/h/phoebepi/MusicBox/Documents/6.111/Nexys4FFTDemo-master/src/bd/fft_mag/ip/fft_mag_axis_register_slice_2_0/fft_mag_axis_register_slice_2_0.xci'; using path '/afs/athena.mit.edu/user/p/h/phoebepi/Documents/6.111/Nexys4FFTDemo-master/src/bd/fft_mag/ip/fft_mag_axis_register_slice_2_0/fft_mag_axis_register_slice_2_0.xci' instead.
WARNING: [Project 1-312] File not found as '/afs/athena.mit.edu/user/p/h/phoebepi/MusicBox/Documents/6.111/Nexys4FFTDemo-master/src/bd/fft_mag/ip/fft_mag_mult_gen_1_0/fft_mag_mult_gen_1_0.xci'; using path '/afs/athena.mit.edu/user/p/h/phoebepi/Documents/6.111/Nexys4FFTDemo-master/src/bd/fft_mag/ip/fft_mag_mult_gen_1_0/fft_mag_mult_gen_1_0.xci' instead.
WARNING: [Project 1-312] File not found as '/afs/athena.mit.edu/user/p/h/phoebepi/MusicBox/Documents/6.111/Nexys4FFTDemo-master/src/bd/fft_mag/ip/fft_mag_mult_gen_1_0/fft_mag_mult_gen_1_0.xci'; using path '/afs/athena.mit.edu/user/p/h/phoebepi/Documents/6.111/Nexys4FFTDemo-master/src/bd/fft_mag/ip/fft_mag_mult_gen_1_0/fft_mag_mult_gen_1_0.xci' instead.
WARNING: [Project 1-312] File not found as '/afs/athena.mit.edu/user/p/h/phoebepi/MusicBox/Documents/6.111/Nexys4FFTDemo-master/src/bd/fft_mag/ip/fft_mag_mult_gen_0_0/fft_mag_mult_gen_0_0.xci'; using path '/afs/athena.mit.edu/user/p/h/phoebepi/Documents/6.111/Nexys4FFTDemo-master/src/bd/fft_mag/ip/fft_mag_mult_gen_0_0/fft_mag_mult_gen_0_0.xci' instead.
WARNING: [Project 1-312] File not found as '/afs/athena.mit.edu/user/p/h/phoebepi/MusicBox/Documents/6.111/Nexys4FFTDemo-master/src/bd/fft_mag/ip/fft_mag_mult_gen_0_0/fft_mag_mult_gen_0_0.xci'; using path '/afs/athena.mit.edu/user/p/h/phoebepi/Documents/6.111/Nexys4FFTDemo-master/src/bd/fft_mag/ip/fft_mag_mult_gen_0_0/fft_mag_mult_gen_0_0.xci' instead.
WARNING: [Project 1-312] File not found as '/afs/athena.mit.edu/user/p/h/phoebepi/MusicBox/Documents/6.111/Nexys4FFTDemo-master/src/bd/fft_mag/ip/fft_mag_xfft_0_0/fft_mag_xfft_0_0.xci'; using path '/afs/athena.mit.edu/user/p/h/phoebepi/Documents/6.111/Nexys4FFTDemo-master/src/bd/fft_mag/ip/fft_mag_xfft_0_0/fft_mag_xfft_0_0.xci' instead.
WARNING: [Project 1-312] File not found as '/afs/athena.mit.edu/user/p/h/phoebepi/MusicBox/Documents/6.111/Nexys4FFTDemo-master/src/bd/fft_mag/ip/fft_mag_xfft_0_0/fft_mag_xfft_0_0.xci'; using path '/afs/athena.mit.edu/user/p/h/phoebepi/Documents/6.111/Nexys4FFTDemo-master/src/bd/fft_mag/ip/fft_mag_xfft_0_0/fft_mag_xfft_0_0.xci' instead.
WARNING: [Project 1-312] File not found as '/afs/athena.mit.edu/user/p/h/phoebepi/MusicBox/Documents/6.111/Nexys4FFTDemo-master/src/bd/fft_mag/ip/fft_mag_cordic_0_0/fft_mag_cordic_0_0.xci'; using path '/afs/athena.mit.edu/user/p/h/phoebepi/Documents/6.111/Nexys4FFTDemo-master/src/bd/fft_mag/ip/fft_mag_cordic_0_0/fft_mag_cordic_0_0.xci' instead.
WARNING: [Project 1-312] File not found as '/afs/athena.mit.edu/user/p/h/phoebepi/MusicBox/Documents/6.111/Nexys4FFTDemo-master/src/bd/fft_mag/ip/fft_mag_cordic_0_0/fft_mag_cordic_0_0.xci'; using path '/afs/athena.mit.edu/user/p/h/phoebepi/Documents/6.111/Nexys4FFTDemo-master/src/bd/fft_mag/ip/fft_mag_cordic_0_0/fft_mag_cordic_0_0.xci' instead.
WARNING: [Project 1-312] File not found as '/afs/athena.mit.edu/user/p/h/phoebepi/MusicBox/Documents/6.111/Nexys4FFTDemo-master/src/bd/fft_mag/ip/fft_mag_xlconcat_0_0/fft_mag_xlconcat_0_0.xci'; using path '/afs/athena.mit.edu/user/p/h/phoebepi/Documents/6.111/Nexys4FFTDemo-master/src/bd/fft_mag/ip/fft_mag_xlconcat_0_0/fft_mag_xlconcat_0_0.xci' instead.
WARNING: [Project 1-312] File not found as '/afs/athena.mit.edu/user/p/h/phoebepi/MusicBox/Documents/6.111/Nexys4FFTDemo-master/src/bd/fft_mag/ip/fft_mag_xlconcat_0_0/fft_mag_xlconcat_0_0.xci'; using path '/afs/athena.mit.edu/user/p/h/phoebepi/Documents/6.111/Nexys4FFTDemo-master/src/bd/fft_mag/ip/fft_mag_xlconcat_0_0/fft_mag_xlconcat_0_0.xci' instead.
WARNING: [Project 1-312] File not found as '/afs/athena.mit.edu/user/p/h/phoebepi/MusicBox/Documents/6.111/Nexys4FFTDemo-master/src/bd/fft_mag/ip/fft_mag_xlslice_1_0/fft_mag_xlslice_1_0.xci'; using path '/afs/athena.mit.edu/user/p/h/phoebepi/Documents/6.111/Nexys4FFTDemo-master/src/bd/fft_mag/ip/fft_mag_xlslice_1_0/fft_mag_xlslice_1_0.xci' instead.
WARNING: [Project 1-312] File not found as '/afs/athena.mit.edu/user/p/h/phoebepi/MusicBox/Documents/6.111/Nexys4FFTDemo-master/src/bd/fft_mag/ip/fft_mag_xlslice_1_0/fft_mag_xlslice_1_0.xci'; using path '/afs/athena.mit.edu/user/p/h/phoebepi/Documents/6.111/Nexys4FFTDemo-master/src/bd/fft_mag/ip/fft_mag_xlslice_1_0/fft_mag_xlslice_1_0.xci' instead.
WARNING: [Project 1-312] File not found as '/afs/athena.mit.edu/user/p/h/phoebepi/MusicBox/Documents/6.111/Nexys4FFTDemo-master/src/bd/fft_mag/ip/fft_mag_xlslice_0_0/fft_mag_xlslice_0_0.xci'; using path '/afs/athena.mit.edu/user/p/h/phoebepi/Documents/6.111/Nexys4FFTDemo-master/src/bd/fft_mag/ip/fft_mag_xlslice_0_0/fft_mag_xlslice_0_0.xci' instead.
WARNING: [Project 1-312] File not found as '/afs/athena.mit.edu/user/p/h/phoebepi/MusicBox/Documents/6.111/Nexys4FFTDemo-master/src/bd/fft_mag/ip/fft_mag_xlslice_0_0/fft_mag_xlslice_0_0.xci'; using path '/afs/athena.mit.edu/user/p/h/phoebepi/Documents/6.111/Nexys4FFTDemo-master/src/bd/fft_mag/ip/fft_mag_xlslice_0_0/fft_mag_xlslice_0_0.xci' instead.
WARNING: [Project 1-312] File not found as '/afs/athena.mit.edu/user/p/h/phoebepi/MusicBox/Documents/6.111/Nexys4FFTDemo-master/src/bd/fft_mag/ip/fft_mag_xlconstant_2_0/fft_mag_xlconstant_2_0.xci'; using path '/afs/athena.mit.edu/user/p/h/phoebepi/Documents/6.111/Nexys4FFTDemo-master/src/bd/fft_mag/ip/fft_mag_xlconstant_2_0/fft_mag_xlconstant_2_0.xci' instead.
WARNING: [Project 1-312] File not found as '/afs/athena.mit.edu/user/p/h/phoebepi/MusicBox/Documents/6.111/Nexys4FFTDemo-master/src/bd/fft_mag/ip/fft_mag_xlconstant_2_0/fft_mag_xlconstant_2_0.xci'; using path '/afs/athena.mit.edu/user/p/h/phoebepi/Documents/6.111/Nexys4FFTDemo-master/src/bd/fft_mag/ip/fft_mag_xlconstant_2_0/fft_mag_xlconstant_2_0.xci' instead.
WARNING: [Project 1-312] File not found as '/afs/athena.mit.edu/user/p/h/phoebepi/MusicBox/Documents/6.111/Nexys4FFTDemo-master/src/bd/fft_mag/ip/fft_mag_xlconstant_1_0/fft_mag_xlconstant_1_0.xci'; using path '/afs/athena.mit.edu/user/p/h/phoebepi/Documents/6.111/Nexys4FFTDemo-master/src/bd/fft_mag/ip/fft_mag_xlconstant_1_0/fft_mag_xlconstant_1_0.xci' instead.
WARNING: [Project 1-312] File not found as '/afs/athena.mit.edu/user/p/h/phoebepi/MusicBox/Documents/6.111/Nexys4FFTDemo-master/src/bd/fft_mag/ip/fft_mag_xlconstant_1_0/fft_mag_xlconstant_1_0.xci'; using path '/afs/athena.mit.edu/user/p/h/phoebepi/Documents/6.111/Nexys4FFTDemo-master/src/bd/fft_mag/ip/fft_mag_xlconstant_1_0/fft_mag_xlconstant_1_0.xci' instead.
WARNING: [Project 1-312] File not found as '/afs/athena.mit.edu/user/p/h/phoebepi/MusicBox/Documents/6.111/Nexys4FFTDemo-master/src/bd/fft_mag/ip/fft_mag_xlconstant_0_0/fft_mag_xlconstant_0_0.xci'; using path '/afs/athena.mit.edu/user/p/h/phoebepi/Documents/6.111/Nexys4FFTDemo-master/src/bd/fft_mag/ip/fft_mag_xlconstant_0_0/fft_mag_xlconstant_0_0.xci' instead.
WARNING: [Project 1-312] File not found as '/afs/athena.mit.edu/user/p/h/phoebepi/MusicBox/Documents/6.111/Nexys4FFTDemo-master/src/bd/fft_mag/ip/fft_mag_xlconstant_0_0/fft_mag_xlconstant_0_0.xci'; using path '/afs/athena.mit.edu/user/p/h/phoebepi/Documents/6.111/Nexys4FFTDemo-master/src/bd/fft_mag/ip/fft_mag_xlconstant_0_0/fft_mag_xlconstant_0_0.xci' instead.
WARNING: [Project 1-312] File not found as '/afs/athena.mit.edu/user/p/h/phoebepi/MusicBox/Documents/6.111/Nexys4FFTDemo-master/src/hdl/utils.v'; using path '/afs/athena.mit.edu/user/p/h/phoebepi/Documents/6.111/Nexys4FFTDemo-master/src/hdl/utils.v' instead.
WARNING: [Project 1-312] File not found as '/afs/athena.mit.edu/user/p/h/phoebepi/MusicBox/Documents/6.111/Nexys4FFTDemo-master/src/hdl/oversampler.v'; using path '/afs/athena.mit.edu/user/p/h/phoebepi/Documents/6.111/Nexys4FFTDemo-master/src/hdl/oversampler.v' instead.
WARNING: [Project 1-312] File not found as '/afs/athena.mit.edu/user/p/h/phoebepi/MusicBox/Documents/6.111/Nexys4FFTDemo-master/src/hdl/histogram.v'; using path '/afs/athena.mit.edu/user/p/h/phoebepi/Documents/6.111/Nexys4FFTDemo-master/src/hdl/histogram.v' instead.
WARNING: [Project 1-312] File not found as '/afs/athena.mit.edu/user/p/h/phoebepi/MusicBox/Documents/6.111/Nexys4FFTDemo-master/src/bd/fft_mag/fft_mag.bd'; using path '/afs/athena.mit.edu/user/p/h/phoebepi/Documents/6.111/Nexys4FFTDemo-master/src/bd/fft_mag/fft_mag.bd' instead.
WARNING: [Project 1-312] File not found as '/afs/athena.mit.edu/user/p/h/phoebepi/MusicBox/Documents/6.111/Nexys4FFTDemo-master/src/hdl/bram_to_fft.v'; using path '/afs/athena.mit.edu/user/p/h/phoebepi/Documents/6.111/Nexys4FFTDemo-master/src/hdl/bram_to_fft.v' instead.
WARNING: [Project 1-312] File not found as '/afs/athena.mit.edu/user/p/h/phoebepi/MusicBox/Documents/6.111/Nexys4FFTDemo-master/src/hdl/nexys4_fft_demo.v'; using path '/afs/athena.mit.edu/user/p/h/phoebepi/Documents/6.111/Nexys4FFTDemo-master/src/hdl/nexys4_fft_demo.v' instead.
WARNING: [Project 1-312] File not found as '/afs/athena.mit.edu/user/p/h/phoebepi/MusicBox/Documents/6.111/Nexys4FFTDemo-master/src/constraints/Nexys4DDR_Master.xdc'; using path '/afs/athena.mit.edu/user/p/h/phoebepi/Documents/6.111/Nexys4FFTDemo-master/src/constraints/Nexys4DDR_Master.xdc' instead.
INFO: [IP_Flow 19-234] Refreshing IP repositories
INFO: [IP_Flow 19-1704] No user IP repositories specified
INFO: [IP_Flow 19-2313] Loaded Vivado IP repository '/var/local/xilinx-local/Vivado/2016.2/data/ip'.
open_project: Time (s): cpu = 00:00:16 ; elapsed = 00:00:06 . Memory (MB): peak = 5895.672 ; gain = 125.590 ; free physical = 1829 ; free virtual = 13195
update_compile_order -fileset sources_1
reset_run synth_1
launch_runs synth_1
INFO: [HDL 9-2216] Analyzing Verilog file "/afs/athena.mit.edu/user/p/h/phoebepi/MusicBox/Music-Box-FFT/FFT.srcs/sources_1/new/Peak detector.v" into library work [/afs/athena.mit.edu/user/p/h/phoebepi/MusicBox/Music-Box-FFT/FFT.srcs/sources_1/new/Peak detector.v:1]
INFO: [HDL 9-2216] Analyzing Verilog file "/afs/athena.mit.edu/user/p/h/phoebepi/MusicBox/Music-Box-FFT/FFT.srcs/sources_1/new/Timer.v" into library work [/afs/athena.mit.edu/user/p/h/phoebepi/MusicBox/Music-Box-FFT/FFT.srcs/sources_1/new/Timer.v:1]
INFO: [HDL 9-2216] Analyzing Verilog file "/afs/athena.mit.edu/user/p/h/phoebepi/Documents/6.111/Nexys4FFTDemo-master/src/hdl/bram_to_fft.v" into library work [/afs/athena.mit.edu/user/p/h/phoebepi/Documents/6.111/Nexys4FFTDemo-master/src/hdl/bram_to_fft.v:1]
INFO: [HDL 9-2216] Analyzing Verilog file "/afs/athena.mit.edu/user/p/h/phoebepi/Documents/6.111/Nexys4FFTDemo-master/src/hdl/histogram.v" into library work [/afs/athena.mit.edu/user/p/h/phoebepi/Documents/6.111/Nexys4FFTDemo-master/src/hdl/histogram.v:1]
INFO: [HDL 9-2216] Analyzing Verilog file "/afs/athena.mit.edu/user/p/h/phoebepi/Documents/6.111/Nexys4FFTDemo-master/src/hdl/nexys4_fft_demo.v" into library work [/afs/athena.mit.edu/user/p/h/phoebepi/Documents/6.111/Nexys4FFTDemo-master/src/hdl/nexys4_fft_demo.v:1]
INFO: [HDL 9-2216] Analyzing Verilog file "/afs/athena.mit.edu/user/p/h/phoebepi/Documents/6.111/Nexys4FFTDemo-master/src/hdl/oversampler.v" into library work [/afs/athena.mit.edu/user/p/h/phoebepi/Documents/6.111/Nexys4FFTDemo-master/src/hdl/oversampler.v:1]
INFO: [HDL 9-2216] Analyzing Verilog file "/afs/athena.mit.edu/user/p/h/phoebepi/Documents/6.111/Nexys4FFTDemo-master/src/hdl/utils.v" into library work [/afs/athena.mit.edu/user/p/h/phoebepi/Documents/6.111/Nexys4FFTDemo-master/src/hdl/utils.v:1]
INFO: [HDL 9-2216] Analyzing Verilog file "/afs/athena.mit.edu/user/p/h/phoebepi/Documents/6.111/Nexys4FFTDemo-master/src/bd/fft_mag/hdl/fft_mag.v" into library work [/afs/athena.mit.edu/user/p/h/phoebepi/Documents/6.111/Nexys4FFTDemo-master/src/bd/fft_mag/hdl/fft_mag.v:1]
[Tue Dec  4 12:40:31 2018] Launched synth_1...
Run output will be captured here: /afs/athena.mit.edu/user/p/h/phoebepi/MusicBox/Music-Box-FFT/FFT.runs/synth_1/runme.log
launch_runs impl_1
[Tue Dec  4 12:41:12 2018] Launched impl_1...
Run output will be captured here: /afs/athena.mit.edu/user/p/h/phoebepi/MusicBox/Music-Box-FFT/FFT.runs/impl_1/runme.log
launch_runs impl_1 -to_step write_bitstream
[Tue Dec  4 12:43:00 2018] Launched impl_1...
Run output will be captured here: /afs/athena.mit.edu/user/p/h/phoebepi/MusicBox/Music-Box-FFT/FFT.runs/impl_1/runme.log
open_hw
