
*** Running vivado
    with args -log fft_mag_xlconstant_2_0.vds -m64 -mode batch -messageDb vivado.pb -notrace -source fft_mag_xlconstant_2_0.tcl


****** Vivado v2016.2 (64-bit)
  **** SW Build 1577090 on Thu Jun  2 16:32:35 MDT 2016
  **** IP Build 1577682 on Fri Jun  3 12:00:54 MDT 2016
    ** Copyright 1986-2016 Xilinx, Inc. All Rights Reserved.

source fft_mag_xlconstant_2_0.tcl -notrace
Command: synth_design -top fft_mag_xlconstant_2_0 -part xc7a100tcsg324-3 -mode out_of_context
Starting synth_design
Attempting to get a license for feature 'Synthesis' and/or device 'xc7a100t'
INFO: [Common 17-349] Got license for feature 'Synthesis' and/or device 'xc7a100t'
INFO: Launching helper process for spawning children vivado processes
INFO: Helper process launched with PID 32337 
---------------------------------------------------------------------------------
Starting Synthesize : Time (s): cpu = 00:00:05 ; elapsed = 00:00:05 . Memory (MB): peak = 1068.336 ; gain = 173.137 ; free physical = 714 ; free virtual = 11485
---------------------------------------------------------------------------------
INFO: [Synth 8-638] synthesizing module 'fft_mag_xlconstant_2_0' [/afs/athena.mit.edu/user/p/h/phoebepi/Documents/6.111/Nexys4FFTDemo-master/src/bd/fft_mag/ip/fft_mag_xlconstant_2_0/sim/fft_mag_xlconstant_2_0.v:56]
INFO: [Synth 8-638] synthesizing module 'xlconstant' [/afs/athena.mit.edu/user/p/h/phoebepi/Documents/6.111/Nexys4FFTDemo-master/src/bd/fft_mag/ip/fft_mag_xlconstant_2_0/work/xlconstant.v:23]
	Parameter CONST_VAL bound to: 3'b000 
	Parameter CONST_WIDTH bound to: 3 - type: integer 
INFO: [Synth 8-256] done synthesizing module 'xlconstant' (1#1) [/afs/athena.mit.edu/user/p/h/phoebepi/Documents/6.111/Nexys4FFTDemo-master/src/bd/fft_mag/ip/fft_mag_xlconstant_2_0/work/xlconstant.v:23]
INFO: [Synth 8-256] done synthesizing module 'fft_mag_xlconstant_2_0' (2#1) [/afs/athena.mit.edu/user/p/h/phoebepi/Documents/6.111/Nexys4FFTDemo-master/src/bd/fft_mag/ip/fft_mag_xlconstant_2_0/sim/fft_mag_xlconstant_2_0.v:56]
---------------------------------------------------------------------------------
Finished Synthesize : Time (s): cpu = 00:00:05 ; elapsed = 00:00:05 . Memory (MB): peak = 1108.781 ; gain = 213.582 ; free physical = 672 ; free virtual = 11443
---------------------------------------------------------------------------------
---------------------------------------------------------------------------------
Finished Constraint Validation : Time (s): cpu = 00:00:05 ; elapsed = 00:00:06 . Memory (MB): peak = 1108.781 ; gain = 213.582 ; free physical = 672 ; free virtual = 11443
---------------------------------------------------------------------------------
---------------------------------------------------------------------------------
Start Loading Part and Timing Information
---------------------------------------------------------------------------------
Loading part: xc7a100tcsg324-3
---------------------------------------------------------------------------------
Finished Loading Part and Timing Information : Time (s): cpu = 00:00:05 ; elapsed = 00:00:06 . Memory (MB): peak = 1116.781 ; gain = 221.582 ; free physical = 672 ; free virtual = 11443
---------------------------------------------------------------------------------
---------------------------------------------------------------------------------
Finished RTL Optimization Phase 2 : Time (s): cpu = 00:00:05 ; elapsed = 00:00:06 . Memory (MB): peak = 1116.781 ; gain = 221.582 ; free physical = 672 ; free virtual = 11443
---------------------------------------------------------------------------------

Report RTL Partitions: 
+-+--------------+------------+----------+
| |RTL Partition |Replication |Instances |
+-+--------------+------------+----------+
+-+--------------+------------+----------+
INFO: [Device 21-403] Loading part xc7a100tcsg324-3
No constraint files found.
---------------------------------------------------------------------------------
Start RTL Component Statistics 
---------------------------------------------------------------------------------
Detailed RTL Component Info : 
---------------------------------------------------------------------------------
Finished RTL Component Statistics 
---------------------------------------------------------------------------------
---------------------------------------------------------------------------------
Start RTL Hierarchical Component Statistics 
---------------------------------------------------------------------------------
Hierarchical RTL Component report 
---------------------------------------------------------------------------------
Finished RTL Hierarchical Component Statistics
---------------------------------------------------------------------------------
---------------------------------------------------------------------------------
Start Part Resource Summary
---------------------------------------------------------------------------------
Part Resources:
DSPs: 240 (col length:80)
BRAMs: 270 (col length: RAMB18 80 RAMB36 40)
---------------------------------------------------------------------------------
Finished Part Resource Summary
---------------------------------------------------------------------------------
Start Parallel Synthesis Optimization  : Time (s): cpu = 00:00:07 ; elapsed = 00:00:07 . Memory (MB): peak = 1197.789 ; gain = 302.590 ; free physical = 593 ; free virtual = 11364
---------------------------------------------------------------------------------
Start Cross Boundary Optimization
---------------------------------------------------------------------------------
WARNING: [Synth 8-3330] design fft_mag_xlconstant_2_0 has an empty top module
INFO: [Synth 8-3917] design fft_mag_xlconstant_2_0 has port dout[2] driven by constant 0
INFO: [Synth 8-3917] design fft_mag_xlconstant_2_0 has port dout[1] driven by constant 0
INFO: [Synth 8-3917] design fft_mag_xlconstant_2_0 has port dout[0] driven by constant 0
---------------------------------------------------------------------------------
Finished Cross Boundary Optimization : Time (s): cpu = 00:00:07 ; elapsed = 00:00:07 . Memory (MB): peak = 1197.789 ; gain = 302.590 ; free physical = 593 ; free virtual = 11364
---------------------------------------------------------------------------------
Finished Parallel Reinference  : Time (s): cpu = 00:00:07 ; elapsed = 00:00:07 . Memory (MB): peak = 1197.789 ; gain = 302.590 ; free physical = 593 ; free virtual = 11364

Report RTL Partitions: 
+-+--------------+------------+----------+
| |RTL Partition |Replication |Instances |
+-+--------------+------------+----------+
+-+--------------+------------+----------+
No constraint files found.
---------------------------------------------------------------------------------
Start Area Optimization
---------------------------------------------------------------------------------
---------------------------------------------------------------------------------
Finished Area Optimization : Time (s): cpu = 00:00:07 ; elapsed = 00:00:07 . Memory (MB): peak = 1197.789 ; gain = 302.590 ; free physical = 593 ; free virtual = 11364
---------------------------------------------------------------------------------
Finished Parallel Area Optimization  : Time (s): cpu = 00:00:07 ; elapsed = 00:00:07 . Memory (MB): peak = 1197.789 ; gain = 302.590 ; free physical = 593 ; free virtual = 11364

Report RTL Partitions: 
+-+--------------+------------+----------+
| |RTL Partition |Replication |Instances |
+-+--------------+------------+----------+
+-+--------------+------------+----------+
---------------------------------------------------------------------------------
Start Timing Optimization
---------------------------------------------------------------------------------
No constraint files found.
---------------------------------------------------------------------------------
Finished Timing Optimization : Time (s): cpu = 00:00:07 ; elapsed = 00:00:07 . Memory (MB): peak = 1197.789 ; gain = 302.590 ; free physical = 593 ; free virtual = 11364
---------------------------------------------------------------------------------

Report RTL Partitions: 
+-+--------------+------------+----------+
| |RTL Partition |Replication |Instances |
+-+--------------+------------+----------+
+-+--------------+------------+----------+
---------------------------------------------------------------------------------
Start Technology Mapping
---------------------------------------------------------------------------------
---------------------------------------------------------------------------------
Finished Technology Mapping : Time (s): cpu = 00:00:07 ; elapsed = 00:00:07 . Memory (MB): peak = 1205.793 ; gain = 310.594 ; free physical = 586 ; free virtual = 11357
---------------------------------------------------------------------------------
Finished Parallel Technology Mapping Optimization  : Time (s): cpu = 00:00:07 ; elapsed = 00:00:07 . Memory (MB): peak = 1205.793 ; gain = 310.594 ; free physical = 586 ; free virtual = 11357

Report RTL Partitions: 
+-+--------------+------------+----------+
| |RTL Partition |Replication |Instances |
+-+--------------+------------+----------+
+-+--------------+------------+----------+
Finished Parallel Synthesis Optimization  : Time (s): cpu = 00:00:07 ; elapsed = 00:00:07 . Memory (MB): peak = 1205.793 ; gain = 310.594 ; free physical = 586 ; free virtual = 11357
---------------------------------------------------------------------------------
Start IO Insertion
---------------------------------------------------------------------------------
---------------------------------------------------------------------------------
Start Flattening Before IO Insertion
---------------------------------------------------------------------------------
---------------------------------------------------------------------------------
Finished Flattening Before IO Insertion
---------------------------------------------------------------------------------
---------------------------------------------------------------------------------
Start Final Netlist Cleanup
---------------------------------------------------------------------------------
---------------------------------------------------------------------------------
Finished Final Netlist Cleanup
---------------------------------------------------------------------------------
---------------------------------------------------------------------------------
Finished IO Insertion : Time (s): cpu = 00:00:07 ; elapsed = 00:00:08 . Memory (MB): peak = 1205.793 ; gain = 310.594 ; free physical = 586 ; free virtual = 11357
---------------------------------------------------------------------------------

Report Check Netlist: 
+------+------------------+-------+---------+-------+------------------+
|      |Item              |Errors |Warnings |Status |Description       |
+------+------------------+-------+---------+-------+------------------+
|1     |multi_driven_nets |      0|        0|Passed |Multi driven nets |
+------+------------------+-------+---------+-------+------------------+
---------------------------------------------------------------------------------
Start Renaming Generated Instances
---------------------------------------------------------------------------------
---------------------------------------------------------------------------------
Finished Renaming Generated Instances : Time (s): cpu = 00:00:07 ; elapsed = 00:00:08 . Memory (MB): peak = 1205.793 ; gain = 310.594 ; free physical = 586 ; free virtual = 11357
---------------------------------------------------------------------------------

Report RTL Partitions: 
+-+--------------+------------+----------+
| |RTL Partition |Replication |Instances |
+-+--------------+------------+----------+
+-+--------------+------------+----------+
---------------------------------------------------------------------------------
Start Rebuilding User Hierarchy
---------------------------------------------------------------------------------
---------------------------------------------------------------------------------
Finished Rebuilding User Hierarchy : Time (s): cpu = 00:00:07 ; elapsed = 00:00:08 . Memory (MB): peak = 1205.793 ; gain = 310.594 ; free physical = 586 ; free virtual = 11357
---------------------------------------------------------------------------------
---------------------------------------------------------------------------------
Start Renaming Generated Ports
---------------------------------------------------------------------------------
---------------------------------------------------------------------------------
Finished Renaming Generated Ports : Time (s): cpu = 00:00:07 ; elapsed = 00:00:08 . Memory (MB): peak = 1205.793 ; gain = 310.594 ; free physical = 586 ; free virtual = 11357
---------------------------------------------------------------------------------
---------------------------------------------------------------------------------
Start Handling Custom Attributes
---------------------------------------------------------------------------------
---------------------------------------------------------------------------------
Finished Handling Custom Attributes : Time (s): cpu = 00:00:07 ; elapsed = 00:00:08 . Memory (MB): peak = 1205.793 ; gain = 310.594 ; free physical = 586 ; free virtual = 11357
---------------------------------------------------------------------------------
---------------------------------------------------------------------------------
Start Renaming Generated Nets
---------------------------------------------------------------------------------
---------------------------------------------------------------------------------
Finished Renaming Generated Nets : Time (s): cpu = 00:00:07 ; elapsed = 00:00:08 . Memory (MB): peak = 1205.793 ; gain = 310.594 ; free physical = 586 ; free virtual = 11357
---------------------------------------------------------------------------------
---------------------------------------------------------------------------------
Start Writing Synthesis Report
---------------------------------------------------------------------------------

Report BlackBoxes: 
+-+--------------+----------+
| |BlackBox name |Instances |
+-+--------------+----------+
+-+--------------+----------+

Report Cell Usage: 
+-+-----+------+
| |Cell |Count |
+-+-----+------+
+-+-----+------+

Report Instance Areas: 
+------+---------+-------+------+
|      |Instance |Module |Cells |
+------+---------+-------+------+
|1     |top      |       |     0|
+------+---------+-------+------+
---------------------------------------------------------------------------------
Finished Writing Synthesis Report : Time (s): cpu = 00:00:07 ; elapsed = 00:00:08 . Memory (MB): peak = 1205.793 ; gain = 310.594 ; free physical = 586 ; free virtual = 11357
---------------------------------------------------------------------------------
Synthesis finished with 0 errors, 0 critical warnings and 1 warnings.
Synthesis Optimization Runtime : Time (s): cpu = 00:00:05 ; elapsed = 00:00:05 . Memory (MB): peak = 1205.793 ; gain = 203.453 ; free physical = 586 ; free virtual = 11357
Synthesis Optimization Complete : Time (s): cpu = 00:00:07 ; elapsed = 00:00:08 . Memory (MB): peak = 1205.801 ; gain = 310.602 ; free physical = 586 ; free virtual = 11357
INFO: [Project 1-571] Translating synthesized netlist
INFO: [Project 1-570] Preparing netlist for logic optimization
INFO: [Opt 31-138] Pushed 0 inverter(s) to 0 load pin(s).
INFO: [Project 1-111] Unisim Transformation Summary:
No Unisim elements were transformed.

INFO: [Common 17-83] Releasing license: Synthesis
14 Infos, 1 Warnings, 0 Critical Warnings and 0 Errors encountered.
synth_design completed successfully
synth_design: Time (s): cpu = 00:00:06 ; elapsed = 00:00:07 . Memory (MB): peak = 1318.574 ; gain = 328.816 ; free physical = 508 ; free virtual = 11278
INFO: [Timing 38-35] Done setting XDC timing constraints.
write_checkpoint: Time (s): cpu = 00:00:06 ; elapsed = 00:00:06 . Memory (MB): peak = 1713.055 ; gain = 394.480 ; free physical = 214 ; free virtual = 10985
report_utilization: Time (s): cpu = 00:00:00.07 ; elapsed = 00:00:00.10 . Memory (MB): peak = 1713.055 ; gain = 0.000 ; free physical = 212 ; free virtual = 10983
INFO: [Common 17-206] Exiting Vivado at Sun Nov 18 16:00:31 2018...
